<?xml version="1.0" encoding="UTF-8"?>
<testsuite xmlns:xsi="http://www.w3.org/2001/XMLSchema-instance" xsi:noNamespaceSchemaLocation="https://maven.apache.org/surefire/maven-surefire-plugin/xsd/surefire-test-report-3.0.xsd" version="3.0" name="com.deepak.examples.jenkinsjunit.CalculatorTest" time="0.118" tests="5" errors="0" skipped="2" failures="0">
  <properties>
[...]
</properties>
  <testcase name="testSum" classname="com.deepak.examples.jenkinsjunit.CalculatorTest" time="0.005"/>
  <testcase name="testEqual" classname="com.deepak.examples.jenkinsjunit.CalculatorTest" time="0">
    <skipped/>
  </testcase>
  <testcase name="testSubstraction" classname="com.deepak.examples.jenkinsjunit.CalculatorTest" time="0">
    <skipped/>
  </testcase>
  <testcase name="testDivisionException" classname="com.deepak.examples.jenkinsjunit.CalculatorTest" time="0.002"/>
  <testcase name="testDivison" classname="com.deepak.examples.jenkinsjunit.CalculatorTest" time="0.002"/>
</testsuite>